INFO: [SIM 2] *************** CSIM start ***************
INFO: [SIM 4] CSIM will launch GCC as the compiler.
   Compiling ../../../../diagonalSum.cpp in debug mode
   Generating csim.exe
before :
1 2 3 4 5 6 7 8 9 
1 2 3 4 5 6 7 8 9 
1 2 3 4 5 6 7 8 9 
1 2 3 4 5 6 7 8 9 
1 2 3 4 5 6 7 8 9 
1 2 3 4 5 6 7 8 9 
1 2 3 4 5 6 7 8 9 
1 2 3 4 5 6 7 8 9 
1 2 3 4 5 6 7 8 9 
after :
0 0 0 0 0 0 0 0 0 
0 0 0 0 0 0 0 0 0 
0 0 0 0 0 0 0 0 0 
0 0 0 0 0 0 0 0 0 
0 0 0 0 0 0 0 0 0 
0 0 0 0 0 0 0 0 0 
0 0 0 0 0 0 0 0 0 
0 0 0 0 0 0 0 0 0 
0 0 0 0 0 0 0 0 0 
sum1: 240
INFO: [SIM 1] CSim done with 0 errors.
INFO: [SIM 3] *************** CSIM finish ***************
