

================================================================
== Vivado HLS Report for 'sum'
================================================================
* Date:           Sat Sep 19 06:52:45 2020

* Version:        2019.1 (Build 2552052 on Fri May 24 15:28:33 MDT 2019)
* Project:        diagonalSum
* Solution:       solution1
* Product family: virtexuplus
* Target device:  xcvu9p-flgc2104-1-e


================================================================
== Performance Estimates
================================================================
+ Timing (ns): 
    * Summary: 
    +--------+-------+----------+------------+
    |  Clock | Target| Estimated| Uncertainty|
    +--------+-------+----------+------------+
    |ap_clk  |   2.78|     1.872|        0.83|
    +--------+-------+----------+------------+

+ Latency (clock cycles): 
    * Summary: 
    +-----+-----+-----+-----+----------+
    |  Latency  |  Interval | Pipeline |
    | min | max | min | max |   Type   |
    +-----+-----+-----+-----+----------+
    |   11|   11|   12|   12| function |
    +-----+-----+-----+-----+----------+

    + Detail: 
        * Instance: 
        +---------------------+----------+-----+-----+-----+-----+----------+
        |                     |          |  Latency  |  Interval | Pipeline |
        |       Instance      |  Module  | min | max | min | max |   Type   |
        +---------------------+----------+-----+-----+-----+-----+----------+
        |grp_makeZero_fu_868  |makeZero  |    4|    4|    5|    5| function |
        +---------------------+----------+-----+-----+-----+-----+----------+

        * Loop: 
        N/A



================================================================
== Utilization Estimates
================================================================
* Summary: 
+---------------------+---------+-------+---------+---------+-----+
|         Name        | BRAM_18K| DSP48E|    FF   |   LUT   | URAM|
+---------------------+---------+-------+---------+---------+-----+
|DSP                  |        -|      -|        -|        -|    -|
|Expression           |        -|      -|        0|     2671|    -|
|FIFO                 |        -|      -|        -|        -|    -|
|Instance             |        -|      -|        6|      751|    -|
|Memory               |        -|      -|        -|        -|    -|
|Multiplexer          |        -|      -|        -|     1199|    -|
|Register             |        -|      -|     2829|        -|    -|
+---------------------+---------+-------+---------+---------+-----+
|Total                |        0|      0|     2835|     4621|    0|
+---------------------+---------+-------+---------+---------+-----+
|Available SLR        |     1440|   2280|   788160|   394080|  320|
+---------------------+---------+-------+---------+---------+-----+
|Utilization SLR (%)  |        0|      0|    ~0   |        1|    0|
+---------------------+---------+-------+---------+---------+-----+
|Available            |     4320|   6840|  2364480|  1182240|  960|
+---------------------+---------+-------+---------+---------+-----+
|Utilization (%)      |        0|      0|    ~0   |    ~0   |    0|
+---------------------+---------+-------+---------+---------+-----+

+ Detail: 
    * Instance: 
    +---------------------+----------+---------+-------+---+-----+-----+
    |       Instance      |  Module  | BRAM_18K| DSP48E| FF| LUT | URAM|
    +---------------------+----------+---------+-------+---+-----+-----+
    |grp_makeZero_fu_868  |makeZero  |        0|      0|  6|  751|    0|
    +---------------------+----------+---------+-------+---+-----+-----+
    |Total                |          |        0|      0|  6|  751|    0|
    +---------------------+----------+---------+-------+---+-----+-----+

    * DSP48E: 
    N/A

    * Memory: 
    N/A

    * FIFO: 
    N/A

    * Expression: 
    +------------------------+----------+-------+---+----+------------+------------+
    |      Variable Name     | Operation| DSP48E| FF| LUT| Bitwidth P0| Bitwidth P1|
    +------------------------+----------+-------+---+----+------------+------------+
    |add_ln29_10_fu_1245_p2  |     +    |      0|  0|  32|          32|          32|
    |add_ln29_11_fu_1070_p2  |     +    |      0|  0|  32|          32|          32|
    |add_ln29_12_fu_1074_p2  |     +    |      0|  0|  32|          32|          32|
    |add_ln29_13_fu_1078_p2  |     +    |      0|  0|  32|          32|          32|
    |add_ln29_14_fu_1083_p2  |     +    |      0|  0|  32|          32|          32|
    |add_ln29_15_fu_1249_p2  |     +    |      0|  0|  32|          32|          32|
    |add_ln29_16_fu_1254_p2  |     +    |      0|  0|  32|          32|          32|
    |add_ln29_17_fu_1089_p2  |     +    |      0|  0|  32|          32|          32|
    |add_ln29_18_fu_964_p2   |     +    |      0|  0|  39|          32|          32|
    |add_ln29_19_fu_1094_p2  |     +    |      0|  0|  32|          32|          32|
    |add_ln29_1_fu_1037_p2   |     +    |      0|  0|  39|          32|          32|
    |add_ln29_20_fu_1099_p2  |     +    |      0|  0|  32|          32|          32|
    |add_ln29_21_fu_969_p2   |     +    |      0|  0|  32|          32|          32|
    |add_ln29_22_fu_974_p2   |     +    |      0|  0|  32|          32|          32|
    |add_ln29_23_fu_1104_p2  |     +    |      0|  0|  32|          32|          32|
    |add_ln29_24_fu_1109_p2  |     +    |      0|  0|  32|          32|          32|
    |add_ln29_25_fu_979_p2   |     +    |      0|  0|  39|          32|          32|
    |add_ln29_26_fu_985_p2   |     +    |      0|  0|  39|          32|          32|
    |add_ln29_27_fu_1115_p2  |     +    |      0|  0|  32|          32|          32|
    |add_ln29_28_fu_990_p2   |     +    |      0|  0|  32|          32|          32|
    |add_ln29_29_fu_995_p2   |     +    |      0|  0|  32|          32|          32|
    |add_ln29_2_fu_1236_p2   |     +    |      0|  0|  32|          32|          32|
    |add_ln29_30_fu_1001_p2  |     +    |      0|  0|  32|          32|          32|
    |add_ln29_31_fu_1007_p2  |     +    |      0|  0|  32|          32|          32|
    |add_ln29_32_fu_1119_p2  |     +    |      0|  0|  32|          32|          32|
    |add_ln29_33_fu_1124_p2  |     +    |      0|  0|  32|          32|          32|
    |add_ln29_34_fu_1260_p2  |     +    |      0|  0|  32|          32|          32|
    |add_ln29_3_fu_1042_p2   |     +    |      0|  0|  32|          32|          32|
    |add_ln29_4_fu_1046_p2   |     +    |      0|  0|  32|          32|          32|
    |add_ln29_5_fu_1051_p2   |     +    |      0|  0|  32|          32|          32|
    |add_ln29_6_fu_1056_p2   |     +    |      0|  0|  32|          32|          32|
    |add_ln29_7_fu_1240_p2   |     +    |      0|  0|  32|          32|          32|
    |add_ln29_8_fu_1062_p2   |     +    |      0|  0|  39|          32|          32|
    |add_ln29_9_fu_1066_p2   |     +    |      0|  0|  39|          32|          32|
    |add_ln29_fu_1031_p2     |     +    |      0|  0|  39|          32|          32|
    |add_ln33_10_fu_1153_p2  |     +    |      0|  0|  39|          32|          32|
    |add_ln33_11_fu_1298_p2  |     +    |      0|  0|  32|          32|          32|
    |add_ln33_12_fu_1304_p2  |     +    |      0|  0|  32|          32|          32|
    |add_ln33_13_fu_1310_p2  |     +    |      0|  0|  32|          32|          32|
    |add_ln33_14_fu_1158_p2  |     +    |      0|  0|  39|          32|          32|
    |add_ln33_15_fu_1315_p2  |     +    |      0|  0|  32|          32|          32|
    |add_ln33_16_fu_1162_p2  |     +    |      0|  0|  32|          32|          32|
    |add_ln33_17_fu_1168_p2  |     +    |      0|  0|  32|          32|          32|
    |add_ln33_18_fu_1320_p2  |     +    |      0|  0|  32|          32|          32|
    |add_ln33_19_fu_1325_p2  |     +    |      0|  0|  32|          32|          32|
    |add_ln33_1_fu_1265_p2   |     +    |      0|  0|  32|          32|          32|
    |add_ln33_20_fu_1360_p2  |     +    |      0|  0|  32|          32|          32|
    |add_ln33_21_fu_1331_p2  |     +    |      0|  0|  32|          32|          32|
    |add_ln33_22_fu_1174_p2  |     +    |      0|  0|  32|          32|          32|
    |add_ln33_23_fu_1178_p2  |     +    |      0|  0|  32|          32|          32|
    |add_ln33_24_fu_1335_p2  |     +    |      0|  0|  32|          32|          32|
    |add_ln33_25_fu_1183_p2  |     +    |      0|  0|  39|          32|          32|
    |add_ln33_26_fu_1340_p2  |     +    |      0|  0|  32|          32|          32|
    |add_ln33_27_fu_1187_p2  |     +    |      0|  0|  32|          32|          32|
    |add_ln33_28_fu_1191_p2  |     +    |      0|  0|  32|          32|          32|
    |add_ln33_29_fu_1344_p2  |     +    |      0|  0|  32|          32|          32|
    |add_ln33_2_fu_1271_p2   |     +    |      0|  0|  32|          32|          32|
    |add_ln33_30_fu_1349_p2  |     +    |      0|  0|  32|          32|          32|
    |add_ln33_31_fu_1196_p2  |     +    |      0|  0|  32|          32|          32|
    |add_ln33_32_fu_1200_p2  |     +    |      0|  0|  32|          32|          32|
    |add_ln33_33_fu_1205_p2  |     +    |      0|  0|  32|          32|          32|
    |add_ln33_34_fu_1209_p2  |     +    |      0|  0|  32|          32|          32|
    |add_ln33_35_fu_1215_p2  |     +    |      0|  0|  32|          32|          32|
    |add_ln33_36_fu_1013_p2  |     +    |      0|  0|  39|          32|          32|
    |add_ln33_37_fu_1221_p2  |     +    |      0|  0|  32|          32|          32|
    |add_ln33_38_fu_1019_p2  |     +    |      0|  0|  32|          32|          32|
    |add_ln33_39_fu_1025_p2  |     +    |      0|  0|  32|          32|          32|
    |add_ln33_3_fu_1277_p2   |     +    |      0|  0|  32|          32|          32|
    |add_ln33_40_fu_1225_p2  |     +    |      0|  0|  32|          32|          32|
    |add_ln33_41_fu_1230_p2  |     +    |      0|  0|  32|          32|          32|
    |add_ln33_42_fu_1355_p2  |     +    |      0|  0|  32|          32|          32|
    |add_ln33_43_fu_1364_p2  |     +    |      0|  0|  32|          32|          32|
    |add_ln33_4_fu_1136_p2   |     +    |      0|  0|  39|          32|          32|
    |add_ln33_5_fu_1282_p2   |     +    |      0|  0|  32|          32|          32|
    |add_ln33_6_fu_1141_p2   |     +    |      0|  0|  32|          32|          32|
    |add_ln33_7_fu_1147_p2   |     +    |      0|  0|  32|          32|          32|
    |add_ln33_8_fu_1287_p2   |     +    |      0|  0|  32|          32|          32|
    |add_ln33_9_fu_1292_p2   |     +    |      0|  0|  32|          32|          32|
    |add_ln33_fu_1130_p2     |     +    |      0|  0|  39|          32|          32|
    |icmp_ln40_fu_1370_p2    |   icmp   |      0|  0|  20|          32|          32|
    |select_ln40_fu_1374_p3  |  select  |      0|  0|  32|           1|          32|
    +------------------------+----------+-------+---+----+------------+------------+
    |Total                   |          |      0|  0|2671|        2561|        2592|
    +------------------------+----------+-------+---+----+------------+------------+

    * Multiplexer: 
    +----------------+----+-----------+-----+-----------+
    |      Name      | LUT| Input Size| Bits| Total Bits|
    +----------------+----+-----------+-----+-----------+
    |ap_NS_fsm       |  56|         13|    1|         13|
    |mat_0_address0  |  38|          7|    4|         28|
    |mat_0_address1  |  33|          6|    4|         24|
    |mat_0_ce0       |  15|          3|    1|          3|
    |mat_0_ce1       |  15|          3|    1|          3|
    |mat_0_we0       |   9|          2|    1|          2|
    |mat_0_we1       |   9|          2|    1|          2|
    |mat_1_address0  |  38|          7|    4|         28|
    |mat_1_address1  |  33|          6|    4|         24|
    |mat_1_ce0       |  15|          3|    1|          3|
    |mat_1_ce1       |  15|          3|    1|          3|
    |mat_1_we0       |   9|          2|    1|          2|
    |mat_1_we1       |   9|          2|    1|          2|
    |mat_2_address0  |  38|          7|    4|         28|
    |mat_2_address1  |  33|          6|    4|         24|
    |mat_2_ce0       |  15|          3|    1|          3|
    |mat_2_ce1       |  15|          3|    1|          3|
    |mat_2_we0       |   9|          2|    1|          2|
    |mat_2_we1       |   9|          2|    1|          2|
    |mat_3_address0  |  38|          7|    4|         28|
    |mat_3_address1  |  33|          6|    4|         24|
    |mat_3_ce0       |  15|          3|    1|          3|
    |mat_3_ce1       |  15|          3|    1|          3|
    |mat_3_we0       |   9|          2|    1|          2|
    |mat_3_we1       |   9|          2|    1|          2|
    |mat_4_address0  |  38|          7|    4|         28|
    |mat_4_address1  |  33|          6|    4|         24|
    |mat_4_ce0       |  15|          3|    1|          3|
    |mat_4_ce1       |  15|          3|    1|          3|
    |mat_4_we0       |   9|          2|    1|          2|
    |mat_4_we1       |   9|          2|    1|          2|
    |mat_5_address0  |  38|          7|    4|         28|
    |mat_5_address1  |  33|          6|    4|         24|
    |mat_5_ce0       |  15|          3|    1|          3|
    |mat_5_ce1       |  15|          3|    1|          3|
    |mat_5_we0       |   9|          2|    1|          2|
    |mat_5_we1       |   9|          2|    1|          2|
    |mat_6_address0  |  38|          7|    4|         28|
    |mat_6_address1  |  33|          6|    4|         24|
    |mat_6_ce0       |  15|          3|    1|          3|
    |mat_6_ce1       |  15|          3|    1|          3|
    |mat_6_we0       |   9|          2|    1|          2|
    |mat_6_we1       |   9|          2|    1|          2|
    |mat_7_address0  |  38|          7|    4|         28|
    |mat_7_address1  |  33|          6|    4|         24|
    |mat_7_ce0       |  15|          3|    1|          3|
    |mat_7_ce1       |  15|          3|    1|          3|
    |mat_7_we0       |   9|          2|    1|          2|
    |mat_7_we1       |   9|          2|    1|          2|
    |mat_8_address0  |  38|          7|    4|         28|
    |mat_8_address1  |  33|          6|    4|         24|
    |mat_8_ce0       |  15|          3|    1|          3|
    |mat_8_ce1       |  15|          3|    1|          3|
    |mat_8_we0       |   9|          2|    1|          2|
    |mat_8_we1       |   9|          2|    1|          2|
    |reg_908         |   9|          2|   32|         64|
    |reg_917         |   9|          2|   32|         64|
    |reg_926         |   9|          2|   32|         64|
    |reg_931         |   9|          2|   32|         64|
    |reg_936         |   9|          2|   32|         64|
    |reg_941         |   9|          2|   32|         64|
    |reg_954         |   9|          2|   32|         64|
    |reg_959         |   9|          2|   32|         64|
    +----------------+----+-----------+-----+-----------+
    |Total           |1199|        236|  365|       1083|
    +----------------+----+-----------+-----+-----------+

    * Register: 
    +----------------------------------+----+----+-----+-----------+
    |               Name               | FF | LUT| Bits| Const Bits|
    +----------------------------------+----+----+-----+-----------+
    |add_ln29_14_reg_2055              |  32|   0|   32|          0|
    |add_ln29_18_reg_1955              |  32|   0|   32|          0|
    |add_ln29_1_reg_2035               |  32|   0|   32|          0|
    |add_ln29_22_reg_1960              |  32|   0|   32|          0|
    |add_ln29_25_reg_1965              |  32|   0|   32|          0|
    |add_ln29_26_reg_1970              |  32|   0|   32|          0|
    |add_ln29_31_reg_1975              |  32|   0|   32|          0|
    |add_ln29_33_reg_2060              |  32|   0|   32|          0|
    |add_ln29_34_reg_2115              |  32|   0|   32|          0|
    |add_ln29_6_reg_2040               |  32|   0|   32|          0|
    |add_ln29_8_reg_2045               |  32|   0|   32|          0|
    |add_ln29_9_reg_2050               |  32|   0|   32|          0|
    |add_ln29_reg_2030                 |  32|   0|   32|          0|
    |add_ln33_10_reg_2080              |  32|   0|   32|          0|
    |add_ln33_14_reg_2085              |  32|   0|   32|          0|
    |add_ln33_17_reg_2090              |  32|   0|   32|          0|
    |add_ln33_19_reg_2127              |  32|   0|   32|          0|
    |add_ln33_23_reg_2095              |  32|   0|   32|          0|
    |add_ln33_25_reg_2100              |  32|   0|   32|          0|
    |add_ln33_28_reg_2105              |  32|   0|   32|          0|
    |add_ln33_36_reg_2020              |  32|   0|   32|          0|
    |add_ln33_39_reg_2025              |  32|   0|   32|          0|
    |add_ln33_41_reg_2110              |  32|   0|   32|          0|
    |add_ln33_42_reg_2132              |  32|   0|   32|          0|
    |add_ln33_43_reg_2137              |  32|   0|   32|          0|
    |add_ln33_4_reg_2070               |  32|   0|   32|          0|
    |add_ln33_7_reg_2075               |  32|   0|   32|          0|
    |add_ln33_9_reg_2122               |  32|   0|   32|          0|
    |add_ln33_reg_2065                 |  32|   0|   32|          0|
    |ap_CS_fsm                         |  12|   0|   12|          0|
    |grp_makeZero_fu_868_ap_start_reg  |   1|   0|    1|          0|
    |mat_0_load_1_reg_1590             |  32|   0|   32|          0|
    |mat_0_load_2_reg_1610             |  32|   0|   32|          0|
    |mat_0_load_3_reg_1755             |  32|   0|   32|          0|
    |mat_0_load_4_reg_1780             |  32|   0|   32|          0|
    |mat_0_load_7_reg_1940             |  32|   0|   32|          0|
    |mat_0_load_reg_1470               |  32|   0|   32|          0|
    |mat_1_load_1_reg_1500             |  32|   0|   32|          0|
    |mat_1_load_2_reg_1615             |  32|   0|   32|          0|
    |mat_1_load_3_reg_1650             |  32|   0|   32|          0|
    |mat_1_load_4_reg_1785             |  32|   0|   32|          0|
    |mat_1_load_5_reg_1830             |  32|   0|   32|          0|
    |mat_1_load_6_reg_1930             |  32|   0|   32|          0|
    |mat_1_load_7_reg_1945             |  32|   0|   32|          0|
    |mat_1_load_reg_1475               |  32|   0|   32|          0|
    |mat_2_load_2_reg_1620             |  32|   0|   32|          0|
    |mat_2_load_3_reg_1760             |  32|   0|   32|          0|
    |mat_2_load_4_reg_1790             |  32|   0|   32|          0|
    |mat_3_load_1_reg_1595             |  32|   0|   32|          0|
    |mat_3_load_3_reg_1660             |  32|   0|   32|          0|
    |mat_3_load_4_reg_1795             |  32|   0|   32|          0|
    |mat_3_load_5_reg_1835             |  32|   0|   32|          0|
    |mat_4_load_1_reg_1600             |  32|   0|   32|          0|
    |mat_4_load_3_reg_1765             |  32|   0|   32|          0|
    |mat_4_load_4_reg_1800             |  32|   0|   32|          0|
    |mat_4_load_reg_1580               |  32|   0|   32|          0|
    |mat_5_load_2_reg_1625             |  32|   0|   32|          0|
    |mat_5_load_3_reg_1770             |  32|   0|   32|          0|
    |mat_5_load_4_reg_1805             |  32|   0|   32|          0|
    |mat_6_load_2_reg_1630             |  32|   0|   32|          0|
    |mat_6_load_3_reg_1675             |  32|   0|   32|          0|
    |mat_6_load_4_reg_1810             |  32|   0|   32|          0|
    |mat_6_load_5_reg_1840             |  32|   0|   32|          0|
    |mat_6_load_7_reg_1950             |  32|   0|   32|          0|
    |mat_6_load_reg_1485               |  32|   0|   32|          0|
    |mat_7_load_2_reg_1635             |  32|   0|   32|          0|
    |mat_7_load_3_reg_1680             |  32|   0|   32|          0|
    |mat_7_load_4_reg_1815             |  32|   0|   32|          0|
    |mat_7_load_5_reg_1845             |  32|   0|   32|          0|
    |mat_8_load_1_reg_1605             |  32|   0|   32|          0|
    |mat_8_load_2_reg_1750             |  32|   0|   32|          0|
    |mat_8_load_3_reg_1775             |  32|   0|   32|          0|
    |mat_8_load_reg_1585               |  32|   0|   32|          0|
    |reg_892                           |  32|   0|   32|          0|
    |reg_896                           |  32|   0|   32|          0|
    |reg_900                           |  32|   0|   32|          0|
    |reg_904                           |  32|   0|   32|          0|
    |reg_908                           |  32|   0|   32|          0|
    |reg_913                           |  32|   0|   32|          0|
    |reg_917                           |  32|   0|   32|          0|
    |reg_922                           |  32|   0|   32|          0|
    |reg_926                           |  32|   0|   32|          0|
    |reg_931                           |  32|   0|   32|          0|
    |reg_936                           |  32|   0|   32|          0|
    |reg_941                           |  32|   0|   32|          0|
    |reg_946                           |  32|   0|   32|          0|
    |reg_950                           |  32|   0|   32|          0|
    |reg_954                           |  32|   0|   32|          0|
    |reg_959                           |  32|   0|   32|          0|
    |select_ln40_reg_2144              |  32|   0|   32|          0|
    +----------------------------------+----+----+-----+-----------+
    |Total                             |2829|   0| 2829|          0|
    +----------------------------------+----+----+-----+-----------+



================================================================
== Interface
================================================================
* Summary: 
+----------------+-----+-----+------------+--------------+--------------+
|    RTL Ports   | Dir | Bits|  Protocol  | Source Object|    C Type    |
+----------------+-----+-----+------------+--------------+--------------+
|ap_clk          |  in |    1| ap_ctrl_hs |      sum     | return value |
|ap_rst          |  in |    1| ap_ctrl_hs |      sum     | return value |
|ap_start        |  in |    1| ap_ctrl_hs |      sum     | return value |
|ap_done         | out |    1| ap_ctrl_hs |      sum     | return value |
|ap_idle         | out |    1| ap_ctrl_hs |      sum     | return value |
|ap_ready        | out |    1| ap_ctrl_hs |      sum     | return value |
|ap_return       | out |   32| ap_ctrl_hs |      sum     | return value |
|mat_0_address0  | out |    4|  ap_memory |     mat_0    |     array    |
|mat_0_ce0       | out |    1|  ap_memory |     mat_0    |     array    |
|mat_0_we0       | out |    1|  ap_memory |     mat_0    |     array    |
|mat_0_d0        | out |   32|  ap_memory |     mat_0    |     array    |
|mat_0_q0        |  in |   32|  ap_memory |     mat_0    |     array    |
|mat_0_address1  | out |    4|  ap_memory |     mat_0    |     array    |
|mat_0_ce1       | out |    1|  ap_memory |     mat_0    |     array    |
|mat_0_we1       | out |    1|  ap_memory |     mat_0    |     array    |
|mat_0_d1        | out |   32|  ap_memory |     mat_0    |     array    |
|mat_0_q1        |  in |   32|  ap_memory |     mat_0    |     array    |
|mat_1_address0  | out |    4|  ap_memory |     mat_1    |     array    |
|mat_1_ce0       | out |    1|  ap_memory |     mat_1    |     array    |
|mat_1_we0       | out |    1|  ap_memory |     mat_1    |     array    |
|mat_1_d0        | out |   32|  ap_memory |     mat_1    |     array    |
|mat_1_q0        |  in |   32|  ap_memory |     mat_1    |     array    |
|mat_1_address1  | out |    4|  ap_memory |     mat_1    |     array    |
|mat_1_ce1       | out |    1|  ap_memory |     mat_1    |     array    |
|mat_1_we1       | out |    1|  ap_memory |     mat_1    |     array    |
|mat_1_d1        | out |   32|  ap_memory |     mat_1    |     array    |
|mat_1_q1        |  in |   32|  ap_memory |     mat_1    |     array    |
|mat_2_address0  | out |    4|  ap_memory |     mat_2    |     array    |
|mat_2_ce0       | out |    1|  ap_memory |     mat_2    |     array    |
|mat_2_we0       | out |    1|  ap_memory |     mat_2    |     array    |
|mat_2_d0        | out |   32|  ap_memory |     mat_2    |     array    |
|mat_2_q0        |  in |   32|  ap_memory |     mat_2    |     array    |
|mat_2_address1  | out |    4|  ap_memory |     mat_2    |     array    |
|mat_2_ce1       | out |    1|  ap_memory |     mat_2    |     array    |
|mat_2_we1       | out |    1|  ap_memory |     mat_2    |     array    |
|mat_2_d1        | out |   32|  ap_memory |     mat_2    |     array    |
|mat_2_q1        |  in |   32|  ap_memory |     mat_2    |     array    |
|mat_3_address0  | out |    4|  ap_memory |     mat_3    |     array    |
|mat_3_ce0       | out |    1|  ap_memory |     mat_3    |     array    |
|mat_3_we0       | out |    1|  ap_memory |     mat_3    |     array    |
|mat_3_d0        | out |   32|  ap_memory |     mat_3    |     array    |
|mat_3_q0        |  in |   32|  ap_memory |     mat_3    |     array    |
|mat_3_address1  | out |    4|  ap_memory |     mat_3    |     array    |
|mat_3_ce1       | out |    1|  ap_memory |     mat_3    |     array    |
|mat_3_we1       | out |    1|  ap_memory |     mat_3    |     array    |
|mat_3_d1        | out |   32|  ap_memory |     mat_3    |     array    |
|mat_3_q1        |  in |   32|  ap_memory |     mat_3    |     array    |
|mat_4_address0  | out |    4|  ap_memory |     mat_4    |     array    |
|mat_4_ce0       | out |    1|  ap_memory |     mat_4    |     array    |
|mat_4_we0       | out |    1|  ap_memory |     mat_4    |     array    |
|mat_4_d0        | out |   32|  ap_memory |     mat_4    |     array    |
|mat_4_q0        |  in |   32|  ap_memory |     mat_4    |     array    |
|mat_4_address1  | out |    4|  ap_memory |     mat_4    |     array    |
|mat_4_ce1       | out |    1|  ap_memory |     mat_4    |     array    |
|mat_4_we1       | out |    1|  ap_memory |     mat_4    |     array    |
|mat_4_d1        | out |   32|  ap_memory |     mat_4    |     array    |
|mat_4_q1        |  in |   32|  ap_memory |     mat_4    |     array    |
|mat_5_address0  | out |    4|  ap_memory |     mat_5    |     array    |
|mat_5_ce0       | out |    1|  ap_memory |     mat_5    |     array    |
|mat_5_we0       | out |    1|  ap_memory |     mat_5    |     array    |
|mat_5_d0        | out |   32|  ap_memory |     mat_5    |     array    |
|mat_5_q0        |  in |   32|  ap_memory |     mat_5    |     array    |
|mat_5_address1  | out |    4|  ap_memory |     mat_5    |     array    |
|mat_5_ce1       | out |    1|  ap_memory |     mat_5    |     array    |
|mat_5_we1       | out |    1|  ap_memory |     mat_5    |     array    |
|mat_5_d1        | out |   32|  ap_memory |     mat_5    |     array    |
|mat_5_q1        |  in |   32|  ap_memory |     mat_5    |     array    |
|mat_6_address0  | out |    4|  ap_memory |     mat_6    |     array    |
|mat_6_ce0       | out |    1|  ap_memory |     mat_6    |     array    |
|mat_6_we0       | out |    1|  ap_memory |     mat_6    |     array    |
|mat_6_d0        | out |   32|  ap_memory |     mat_6    |     array    |
|mat_6_q0        |  in |   32|  ap_memory |     mat_6    |     array    |
|mat_6_address1  | out |    4|  ap_memory |     mat_6    |     array    |
|mat_6_ce1       | out |    1|  ap_memory |     mat_6    |     array    |
|mat_6_we1       | out |    1|  ap_memory |     mat_6    |     array    |
|mat_6_d1        | out |   32|  ap_memory |     mat_6    |     array    |
|mat_6_q1        |  in |   32|  ap_memory |     mat_6    |     array    |
|mat_7_address0  | out |    4|  ap_memory |     mat_7    |     array    |
|mat_7_ce0       | out |    1|  ap_memory |     mat_7    |     array    |
|mat_7_we0       | out |    1|  ap_memory |     mat_7    |     array    |
|mat_7_d0        | out |   32|  ap_memory |     mat_7    |     array    |
|mat_7_q0        |  in |   32|  ap_memory |     mat_7    |     array    |
|mat_7_address1  | out |    4|  ap_memory |     mat_7    |     array    |
|mat_7_ce1       | out |    1|  ap_memory |     mat_7    |     array    |
|mat_7_we1       | out |    1|  ap_memory |     mat_7    |     array    |
|mat_7_d1        | out |   32|  ap_memory |     mat_7    |     array    |
|mat_7_q1        |  in |   32|  ap_memory |     mat_7    |     array    |
|mat_8_address0  | out |    4|  ap_memory |     mat_8    |     array    |
|mat_8_ce0       | out |    1|  ap_memory |     mat_8    |     array    |
|mat_8_we0       | out |    1|  ap_memory |     mat_8    |     array    |
|mat_8_d0        | out |   32|  ap_memory |     mat_8    |     array    |
|mat_8_q0        |  in |   32|  ap_memory |     mat_8    |     array    |
|mat_8_address1  | out |    4|  ap_memory |     mat_8    |     array    |
|mat_8_ce1       | out |    1|  ap_memory |     mat_8    |     array    |
|mat_8_we1       | out |    1|  ap_memory |     mat_8    |     array    |
|mat_8_d1        | out |   32|  ap_memory |     mat_8    |     array    |
|mat_8_q1        |  in |   32|  ap_memory |     mat_8    |     array    |
|r               |  in |   32|   ap_none  |       r      |    scalar    |
|c               |  in |   32|   ap_none  |       c      |    scalar    |
+----------------+-----+-----+------------+--------------+--------------+

