#-----------------------------------------------------------
# xsim v2019.1 (64-bit)
# SW Build 2552052 on Fri May 24 14:47:09 MDT 2019
# IP Build 2548770 on Fri May 24 18:01:18 MDT 2019
# Start of session at: Sat Sep 19 07:12:49 2020
# Process ID: 4039088
# Current directory: /data/kbhalera/varun_JetFinder/diagonalSum/solution1/sim/vhdl
# Command line: xsim -mode tcl -source {xsim.dir/sum/xsim_script.tcl}
# Log file: /data/kbhalera/varun_JetFinder/diagonalSum/solution1/sim/vhdl/xsim.log
# Journal file: /data/kbhalera/varun_JetFinder/diagonalSum/solution1/sim/vhdl/xsim.jou
#-----------------------------------------------------------
source xsim.dir/sum/xsim_script.tcl
# xsim {sum} -autoloadwcfg -tclbatch {sum.tcl}
Vivado Simulator 2019.1
Time resolution is 1 ps
source sum.tcl
## run all
Note: simulation done!
Time: 154290 ps  Iteration: 1  Process: /apatb_sum_top/generate_sim_done_proc  File: /data/kbhalera/varun_JetFinder/diagonalSum/solution1/sim/vhdl/sum.autotb.vhd
Failure: NORMAL EXIT (note: failure is to force the simulator to stop)
Time: 154290 ps  Iteration: 1  Process: /apatb_sum_top/generate_sim_done_proc  File: /data/kbhalera/varun_JetFinder/diagonalSum/solution1/sim/vhdl/sum.autotb.vhd
$finish called at time : 154290 ps
## quit
INFO: [Common 17-206] Exiting xsim at Sat Sep 19 07:13:03 2020...
